<?xml version="1.0" encoding="UTF-8"?>
<!-- Generated by org.testng.reporters.JUnitXMLReporter -->
<testsuite ignored="0" hostname="DESKTOP-B64QDB1" failures="0" tests="6" name="Default test" time="38.668" errors="0" timestamp="2020-12-15T17:04:04 IST">
  <testcase classname="TestCases.CompareIphonePriceFlipAndAmazon" name="verifyAmazonTitlePageTest" time="0.229"/>
  <testcase classname="TestCases.CompareIphonePriceFlipAndAmazon" name="searchItemTest" time="2.818"/>
  <testcase classname="TestCases.CompareIphonePriceFlipAndAmazon" name="selectAppleIphone" time="0.524"/>
  <testcase classname="TestCases.CompareIphonePriceFlipAndAmazon" name="getPrice" time="4.293"/>
  <testcase classname="TestCases.CompareIphonePriceFlipAndAmazon" name="nevigateToFlipkartFormAzazon" time="19.624"/>
  <testcase classname="TestCases.CompareIphonePriceFlipAndAmazon" name="comparePrice1" time="0.004"/>
</testsuite> <!-- Default test -->
